<?xml version="1.0" encoding="UTF-8"?>
<!-- Generated by org.testng.reporters.JUnitXMLReporter -->
<testsuite ignored="0" hostname="DESKTOP-BR3APVB" failures="0" tests="3" name="Test" time="0.185" errors="0" timestamp="2022-10-02T11:42:04 IST">
  <testcase classname="sampletestcases.LoginTests" name="verifyloginWithInValidCredentials" time="0.03"/>
  <testcase classname="sampletestcases.LoginTests" name="verifyloginWithNoCredentials" time="0.001"/>
  <testcase classname="sampletestcases.LoginTests" name="verifyloginWithValidCredentials" time="0.001"/>
</testsuite> <!-- Test -->
