<?xml version="1.0" encoding="UTF-8"?>
<testng-results ignored="0" total="3" passed="3" failed="0" skipped="0">
  <reporter-output>
  </reporter-output>
  <suite started-at="2022-10-02T11:42:04 IST" name="Suite" finished-at="2022-10-02T11:42:04 IST" duration-ms="185">
    <groups>
    </groups>
    <test started-at="2022-10-02T11:42:04 IST" name="Test" finished-at="2022-10-02T11:42:04 IST" duration-ms="185">
      <class name="sampletestcases.LoginTests">
        <test-method signature="verifyloginWithInValidCredentials()[pri:0, instance:sampletestcases.LoginTests@5ab9e72c]" started-at="2022-10-02T11:42:04 IST" name="verifyloginWithInValidCredentials" finished-at="2022-10-02T11:42:04 IST" duration-ms="30" status="PASS">
          <reporter-output>
          </reporter-output>
        </test-method> <!-- verifyloginWithInValidCredentials -->
        <test-method signature="verifyloginWithNoCredentials()[pri:0, instance:sampletestcases.LoginTests@5ab9e72c]" started-at="2022-10-02T11:42:04 IST" name="verifyloginWithNoCredentials" finished-at="2022-10-02T11:42:04 IST" duration-ms="1" status="PASS">
          <reporter-output>
          </reporter-output>
        </test-method> <!-- verifyloginWithNoCredentials -->
        <test-method signature="verifyloginWithValidCredentials()[pri:0, instance:sampletestcases.LoginTests@5ab9e72c]" started-at="2022-10-02T11:42:04 IST" name="verifyloginWithValidCredentials" finished-at="2022-10-02T11:42:04 IST" duration-ms="1" status="PASS">
          <reporter-output>
          </reporter-output>
        </test-method> <!-- verifyloginWithValidCredentials -->
      </class> <!-- sampletestcases.LoginTests -->
    </test> <!-- Test -->
  </suite> <!-- Suite -->
</testng-results>
